{
  "RSpec": {
    "coverage": {
      "/Users/nathanhynes/Documents/Makers Academy/Projects/Bank_Tech_Test/spec/account_spec.rb": [
        1,
        null,
        1,
        2,
        1,
        1,
        1,
        null,
        null,
        null
      ],
      "/Users/nathanhynes/Documents/Makers Academy/Projects/Bank_Tech_Test/lib/account.rb": [
        1,
        null,
        1,
        null,
        null,
        null,
        1,
        null,
        null,
        null,
        null
      ]
    },
    "timestamp": 1574091994
  }
}
